{"/Users/jinghai/coder/inbox/whatsapp-opencode/.worktrees/whatsapp-opencode-refactor/src/bridge/handlers.js": {"path":"/Users/jinghai/coder/inbox/whatsapp-opencode/.worktrees/whatsapp-opencode-refactor/src/bridge/handlers.js","statementMap":{"0":{"start":{"line":5,"column":14},"end":{"line":5,"column":39}},"1":{"start":{"line":6,"column":2},"end":{"line":6,"column":55}},"2":{"start":{"line":6,"column":42},"end":{"line":6,"column":55}},"3":{"start":{"line":7,"column":2},"end":{"line":7,"column":53}},"4":{"start":{"line":7,"column":39},"end":{"line":7,"column":53}},"5":{"start":{"line":8,"column":2},"end":{"line":8,"column":14}},"6":{"start":{"line":15,"column":24},"end":{"line":21,"column":3}},"7":{"start":{"line":22,"column":20},"end":{"line":22,"column":38}},"8":{"start":{"line":23,"column":2},"end":{"line":27,"column":3}},"9":{"start":{"line":24,"column":4},"end":{"line":26,"column":5}},"10":{"start":{"line":24,"column":28},"end":{"line":24,"column":50}},"11":{"start":{"line":25,"column":6},"end":{"line":25,"column":19}},"12":{"start":{"line":28,"column":2},"end":{"line":28,"column":14}},"13":{"start":{"line":35,"column":19},"end":{"line":35,"column":39}},"14":{"start":{"line":36,"column":2},"end":{"line":36,"column":29}},"15":{"start":{"line":36,"column":17},"end":{"line":36,"column":29}},"16":{"start":{"line":37,"column":2},"end":{"line":37,"column":39}},"17":{"start":{"line":44,"column":2},"end":{"line":56,"column":38}},"18":{"start":{"line":63,"column":2},"end":{"line":63,"column":56}},"19":{"start":{"line":63,"column":44},"end":{"line":63,"column":56}},"20":{"start":{"line":64,"column":2},"end":{"line":64,"column":28}},"21":{"start":{"line":64,"column":15},"end":{"line":64,"column":28}},"22":{"start":{"line":65,"column":17},"end":{"line":65,"column":37}},"23":{"start":{"line":66,"column":2},"end":{"line":66,"column":36}},"24":{"start":{"line":69,"column":0},"end":{"line":75,"column":2}}},"fnMap":{"0":{"name":"parseCommand","decl":{"start":{"line":4,"column":9},"end":{"line":4,"column":21}},"loc":{"start":{"line":4,"column":28},"end":{"line":9,"column":1}},"line":4},"1":{"name":"detectTaskType","decl":{"start":{"line":14,"column":9},"end":{"line":14,"column":23}},"loc":{"start":{"line":14,"column":30},"end":{"line":29,"column":1}},"line":14},"2":{"name":"(anonymous_2)","decl":{"start":{"line":24,"column":22},"end":{"line":24,"column":23}},"loc":{"start":{"line":24,"column":28},"end":{"line":24,"column":50}},"line":24},"3":{"name":"enrichTextWithSkillHint","decl":{"start":{"line":34,"column":9},"end":{"line":34,"column":32}},"loc":{"start":{"line":34,"column":39},"end":{"line":38,"column":1}},"line":34},"4":{"name":"buildHelpMessage","decl":{"start":{"line":43,"column":9},"end":{"line":43,"column":25}},"loc":{"start":{"line":43,"column":35},"end":{"line":57,"column":1}},"line":43},"5":{"name":"isSenderAllowed","decl":{"start":{"line":62,"column":9},"end":{"line":62,"column":24}},"loc":{"start":{"line":62,"column":44},"end":{"line":67,"column":1}},"line":62}},"branchMap":{"0":{"loc":{"start":{"line":6,"column":2},"end":{"line":6,"column":55}},"type":"if","locations":[{"start":{"line":6,"column":2},"end":{"line":6,"column":55}},{"start":{},"end":{}}],"line":6},"1":{"loc":{"start":{"line":6,"column":6},"end":{"line":6,"column":40}},"type":"binary-expr","locations":[{"start":{"line":6,"column":6},"end":{"line":6,"column":20}},{"start":{"line":6,"column":24},"end":{"line":6,"column":40}}],"line":6},"2":{"loc":{"start":{"line":7,"column":2},"end":{"line":7,"column":53}},"type":"if","locations":[{"start":{"line":7,"column":2},"end":{"line":7,"column":53}},{"start":{},"end":{}}],"line":7},"3":{"loc":{"start":{"line":7,"column":6},"end":{"line":7,"column":37}},"type":"binary-expr","locations":[{"start":{"line":7,"column":6},"end":{"line":7,"column":21}},{"start":{"line":7,"column":25},"end":{"line":7,"column":37}}],"line":7},"4":{"loc":{"start":{"line":24,"column":4},"end":{"line":26,"column":5}},"type":"if","locations":[{"start":{"line":24,"column":4},"end":{"line":26,"column":5}},{"start":{},"end":{}}],"line":24},"5":{"loc":{"start":{"line":36,"column":2},"end":{"line":36,"column":29}},"type":"if","locations":[{"start":{"line":36,"column":2},"end":{"line":36,"column":29}},{"start":{},"end":{}}],"line":36},"6":{"loc":{"start":{"line":63,"column":2},"end":{"line":63,"column":56}},"type":"if","locations":[{"start":{"line":63,"column":2},"end":{"line":63,"column":56}},{"start":{},"end":{}}],"line":63},"7":{"loc":{"start":{"line":63,"column":6},"end":{"line":63,"column":42}},"type":"binary-expr","locations":[{"start":{"line":63,"column":6},"end":{"line":63,"column":16}},{"start":{"line":63,"column":20},"end":{"line":63,"column":42}}],"line":63},"8":{"loc":{"start":{"line":64,"column":2},"end":{"line":64,"column":28}},"type":"if","locations":[{"start":{"line":64,"column":2},"end":{"line":64,"column":28}},{"start":{},"end":{}}],"line":64}},"s":{"0":7,"1":7,"2":3,"3":4,"4":2,"5":2,"6":12,"7":12,"8":12,"9":35,"10":205,"11":10,"12":2,"13":0,"14":0,"15":0,"16":0,"17":0,"18":0,"19":0,"20":0,"21":0,"22":0,"23":0,"24":2},"f":{"0":7,"1":12,"2":205,"3":0,"4":0,"5":0},"b":{"0":[3,4],"1":[7,4],"2":[2,2],"3":[4,3],"4":[10,25],"5":[0,0],"6":[0,0],"7":[0,0],"8":[0,0]},"_coverageSchema":"1a1c01bbd47fc00a2c39e90264f33305004495a9","hash":"b53dab4cef81c5825aabd0f067210991ece126ea"}
,"/Users/jinghai/coder/inbox/whatsapp-opencode/.worktrees/whatsapp-opencode-refactor/src/bridge/sync.js": {"path":"/Users/jinghai/coder/inbox/whatsapp-opencode/.worktrees/whatsapp-opencode-refactor/src/bridge/sync.js","statementMap":{"0":{"start":{"line":1,"column":11},"end":{"line":1,"column":24}},"1":{"start":{"line":2,"column":13},"end":{"line":2,"column":28}},"2":{"start":{"line":3,"column":10},"end":{"line":3,"column":25}},"3":{"start":{"line":4,"column":15},"end":{"line":4,"column":41}},"4":{"start":{"line":5,"column":51},"end":{"line":5,"column":85}},"5":{"start":{"line":6,"column":43},"end":{"line":6,"column":73}},"6":{"start":{"line":7,"column":88},"end":{"line":7,"column":116}},"7":{"start":{"line":8,"column":33},"end":{"line":8,"column":70}},"8":{"start":{"line":9,"column":28},"end":{"line":9,"column":62}},"9":{"start":{"line":10,"column":33},"end":{"line":10,"column":70}},"10":{"start":{"line":11,"column":85},"end":{"line":11,"column":106}},"11":{"start":{"line":17,"column":18},"end":{"line":17,"column":47}},"12":{"start":{"line":18,"column":18},"end":{"line":18,"column":47}},"13":{"start":{"line":19,"column":19},"end":{"line":19,"column":49}},"14":{"start":{"line":20,"column":18},"end":{"line":20,"column":47}},"15":{"start":{"line":21,"column":2},"end":{"line":21,"column":49}},"16":{"start":{"line":28,"column":2},"end":{"line":28,"column":65}},"17":{"start":{"line":35,"column":2},"end":{"line":35,"column":30}},"18":{"start":{"line":39,"column":2},"end":{"line":41,"column":3}},"19":{"start":{"line":40,"column":4},"end":{"line":40,"column":30}},"20":{"start":{"line":48,"column":2},"end":{"line":55,"column":3}},"21":{"start":{"line":49,"column":4},"end":{"line":54,"column":5}},"22":{"start":{"line":50,"column":18},"end":{"line":50,"column":58}},"23":{"start":{"line":51,"column":6},"end":{"line":51,"column":42}},"24":{"start":{"line":51,"column":19},"end":{"line":51,"column":42}},"25":{"start":{"line":53,"column":6},"end":{"line":53,"column":17}},"26":{"start":{"line":56,"column":14},"end":{"line":56,"column":42}},"27":{"start":{"line":57,"column":2},"end":{"line":57,"column":16}},"28":{"start":{"line":64,"column":2},"end":{"line":69,"column":3}},"29":{"start":{"line":65,"column":19},"end":{"line":65,"column":100}},"30":{"start":{"line":66,"column":4},"end":{"line":66,"column":18}},"31":{"start":{"line":68,"column":4},"end":{"line":68,"column":16}},"32":{"start":{"line":76,"column":2},"end":{"line":76,"column":25}},"33":{"start":{"line":77,"column":15},"end":{"line":77,"column":45}},"34":{"start":{"line":78,"column":2},"end":{"line":78,"column":41}},"35":{"start":{"line":79,"column":20},"end":{"line":79,"column":57}},"36":{"start":{"line":80,"column":17},"end":{"line":80,"column":119}},"37":{"start":{"line":82,"column":17},"end":{"line":82,"column":57}},"38":{"start":{"line":83,"column":16},"end":{"line":83,"column":36}},"39":{"start":{"line":84,"column":20},"end":{"line":84,"column":59}},"40":{"start":{"line":85,"column":2},"end":{"line":85,"column":30}},"41":{"start":{"line":86,"column":26},"end":{"line":86,"column":62}},"42":{"start":{"line":87,"column":2},"end":{"line":87,"column":55}},"43":{"start":{"line":88,"column":2},"end":{"line":88,"column":30}},"44":{"start":{"line":89,"column":2},"end":{"line":89,"column":47}},"45":{"start":{"line":91,"column":32},"end":{"line":91,"column":36}},"46":{"start":{"line":92,"column":14},"end":{"line":92,"column":18}},"47":{"start":{"line":93,"column":21},"end":{"line":93,"column":26}},"48":{"start":{"line":94,"column":19},"end":{"line":94,"column":28}},"49":{"start":{"line":96,"column":15},"end":{"line":303,"column":4}},"50":{"start":{"line":99,"column":49},"end":{"line":99,"column":55}},"51":{"start":{"line":100,"column":6},"end":{"line":103,"column":7}},"52":{"start":{"line":101,"column":8},"end":{"line":101,"column":35}},"53":{"start":{"line":102,"column":8},"end":{"line":102,"column":45}},"54":{"start":{"line":104,"column":6},"end":{"line":110,"column":7}},"55":{"start":{"line":105,"column":8},"end":{"line":105,"column":41}},"56":{"start":{"line":106,"column":32},"end":{"line":106,"column":104}},"57":{"start":{"line":107,"column":8},"end":{"line":107,"column":58}},"58":{"start":{"line":107,"column":29},"end":{"line":107,"column":58}},"59":{"start":{"line":108,"column":13},"end":{"line":110,"column":7}},"60":{"start":{"line":109,"column":8},"end":{"line":109,"column":37}},"61":{"start":{"line":113,"column":6},"end":{"line":113,"column":31}},"62":{"start":{"line":113,"column":24},"end":{"line":113,"column":31}},"63":{"start":{"line":114,"column":18},"end":{"line":114,"column":29}},"64":{"start":{"line":115,"column":6},"end":{"line":115,"column":32}},"65":{"start":{"line":115,"column":25},"end":{"line":115,"column":32}},"66":{"start":{"line":117,"column":21},"end":{"line":117,"column":38}},"67":{"start":{"line":118,"column":6},"end":{"line":120,"column":7}},"68":{"start":{"line":119,"column":8},"end":{"line":119,"column":23}},"69":{"start":{"line":122,"column":30},"end":{"line":122,"column":83}},"70":{"start":{"line":123,"column":6},"end":{"line":123,"column":53}},"71":{"start":{"line":123,"column":46},"end":{"line":123,"column":53}},"72":{"start":{"line":124,"column":6},"end":{"line":124,"column":80}},"73":{"start":{"line":124,"column":73},"end":{"line":124,"column":80}},"74":{"start":{"line":126,"column":17},"end":{"line":126,"column":19}},"75":{"start":{"line":128,"column":6},"end":{"line":153,"column":7}},"76":{"start":{"line":129,"column":8},"end":{"line":129,"column":40}},"77":{"start":{"line":130,"column":13},"end":{"line":153,"column":7}},"78":{"start":{"line":131,"column":8},"end":{"line":131,"column":52}},"79":{"start":{"line":132,"column":13},"end":{"line":153,"column":7}},"80":{"start":{"line":133,"column":23},"end":{"line":133,"column":61}},"81":{"start":{"line":134,"column":8},"end":{"line":141,"column":9}},"82":{"start":{"line":135,"column":27},"end":{"line":135,"column":50}},"83":{"start":{"line":136,"column":27},"end":{"line":136,"column":56}},"84":{"start":{"line":137,"column":10},"end":{"line":137,"column":45}},"85":{"start":{"line":138,"column":10},"end":{"line":138,"column":91}},"86":{"start":{"line":140,"column":10},"end":{"line":140,"column":28}},"87":{"start":{"line":142,"column":13},"end":{"line":153,"column":7}},"88":{"start":{"line":143,"column":23},"end":{"line":143,"column":61}},"89":{"start":{"line":144,"column":8},"end":{"line":152,"column":9}},"90":{"start":{"line":145,"column":10},"end":{"line":149,"column":13}},"91":{"start":{"line":151,"column":10},"end":{"line":151,"column":30}},"92":{"start":{"line":155,"column":6},"end":{"line":155,"column":24}},"93":{"start":{"line":155,"column":17},"end":{"line":155,"column":24}},"94":{"start":{"line":156,"column":6},"end":{"line":159,"column":7}},"95":{"start":{"line":157,"column":8},"end":{"line":157,"column":30}},"96":{"start":{"line":158,"column":8},"end":{"line":158,"column":15}},"97":{"start":{"line":161,"column":22},"end":{"line":161,"column":40}},"98":{"start":{"line":162,"column":6},"end":{"line":175,"column":7}},"99":{"start":{"line":163,"column":8},"end":{"line":173,"column":9}},"100":{"start":{"line":164,"column":29},"end":{"line":164,"column":57}},"101":{"start":{"line":165,"column":10},"end":{"line":165,"column":42}},"102":{"start":{"line":166,"column":10},"end":{"line":166,"column":31}},"103":{"start":{"line":167,"column":10},"end":{"line":167,"column":38}},"104":{"start":{"line":168,"column":10},"end":{"line":168,"column":75}},"105":{"start":{"line":169,"column":10},"end":{"line":169,"column":93}},"106":{"start":{"line":171,"column":10},"end":{"line":171,"column":74}},"107":{"start":{"line":172,"column":10},"end":{"line":172,"column":79}},"108":{"start":{"line":174,"column":8},"end":{"line":174,"column":15}},"109":{"start":{"line":177,"column":6},"end":{"line":180,"column":7}},"110":{"start":{"line":178,"column":8},"end":{"line":178,"column":76}},"111":{"start":{"line":179,"column":8},"end":{"line":179,"column":15}},"112":{"start":{"line":182,"column":6},"end":{"line":182,"column":26}},"113":{"start":{"line":183,"column":6},"end":{"line":301,"column":7}},"114":{"start":{"line":184,"column":8},"end":{"line":184,"column":59}},"115":{"start":{"line":185,"column":29},"end":{"line":185,"column":58}},"116":{"start":{"line":186,"column":22},"end":{"line":186,"column":115}},"117":{"start":{"line":187,"column":31},"end":{"line":187,"column":76}},"118":{"start":{"line":188,"column":8},"end":{"line":188,"column":55}},"119":{"start":{"line":190,"column":20},"end":{"line":190,"column":22}},"120":{"start":{"line":191,"column":23},"end":{"line":191,"column":24}},"121":{"start":{"line":192,"column":28},"end":{"line":192,"column":31}},"122":{"start":{"line":193,"column":31},"end":{"line":193,"column":34}},"123":{"start":{"line":194,"column":25},"end":{"line":194,"column":26}},"124":{"start":{"line":195,"column":25},"end":{"line":195,"column":26}},"125":{"start":{"line":197,"column":8},"end":{"line":262,"column":9}},"126":{"start":{"line":198,"column":10},"end":{"line":198,"column":54}},"127":{"start":{"line":198,"column":33},"end":{"line":198,"column":52}},"128":{"start":{"line":199,"column":23},"end":{"line":199,"column":59}},"129":{"start":{"line":200,"column":10},"end":{"line":249,"column":11}},"130":{"start":{"line":200,"column":23},"end":{"line":200,"column":37}},"131":{"start":{"line":201,"column":22},"end":{"line":201,"column":29}},"132":{"start":{"line":202,"column":12},"end":{"line":248,"column":13}},"133":{"start":{"line":203,"column":31},"end":{"line":203,"column":44}},"134":{"start":{"line":204,"column":29},"end":{"line":204,"column":43}},"135":{"start":{"line":205,"column":30},"end":{"line":205,"column":34}},"136":{"start":{"line":206,"column":14},"end":{"line":211,"column":15}},"137":{"start":{"line":207,"column":16},"end":{"line":210,"column":17}},"138":{"start":{"line":208,"column":18},"end":{"line":208,"column":37}},"139":{"start":{"line":209,"column":18},"end":{"line":209,"column":24}},"140":{"start":{"line":213,"column":14},"end":{"line":247,"column":15}},"141":{"start":{"line":214,"column":16},"end":{"line":214,"column":34}},"142":{"start":{"line":215,"column":16},"end":{"line":217,"column":17}},"143":{"start":{"line":216,"column":18},"end":{"line":216,"column":24}},"144":{"start":{"line":218,"column":30},"end":{"line":218,"column":69}},"145":{"start":{"line":218,"column":51},"end":{"line":218,"column":68}},"146":{"start":{"line":219,"column":37},"end":{"line":219,"column":85}},"147":{"start":{"line":219,"column":55},"end":{"line":219,"column":84}},"148":{"start":{"line":220,"column":16},"end":{"line":222,"column":17}},"149":{"start":{"line":221,"column":18},"end":{"line":221,"column":24}},"150":{"start":{"line":223,"column":16},"end":{"line":223,"column":29}},"151":{"start":{"line":224,"column":16},"end":{"line":226,"column":17}},"152":{"start":{"line":225,"column":18},"end":{"line":225,"column":24}},"153":{"start":{"line":227,"column":16},"end":{"line":227,"column":29}},"154":{"start":{"line":229,"column":30},"end":{"line":229,"column":69}},"155":{"start":{"line":229,"column":51},"end":{"line":229,"column":68}},"156":{"start":{"line":230,"column":37},"end":{"line":230,"column":85}},"157":{"start":{"line":230,"column":55},"end":{"line":230,"column":84}},"158":{"start":{"line":231,"column":16},"end":{"line":246,"column":17}},"159":{"start":{"line":232,"column":18},"end":{"line":232,"column":31}},"160":{"start":{"line":233,"column":18},"end":{"line":245,"column":19}},"161":{"start":{"line":234,"column":20},"end":{"line":242,"column":21}},"162":{"start":{"line":235,"column":22},"end":{"line":241,"column":23}},"163":{"start":{"line":236,"column":39},"end":{"line":236,"column":53}},"164":{"start":{"line":237,"column":24},"end":{"line":240,"column":25}},"165":{"start":{"line":238,"column":26},"end":{"line":238,"column":86}},"166":{"start":{"line":239,"column":26},"end":{"line":239,"column":32}},"167":{"start":{"line":243,"column":20},"end":{"line":243,"column":37}},"168":{"start":{"line":243,"column":31},"end":{"line":243,"column":37}},"169":{"start":{"line":244,"column":20},"end":{"line":244,"column":35}},"170":{"start":{"line":251,"column":10},"end":{"line":251,"column":21}},"171":{"start":{"line":252,"column":10},"end":{"line":261,"column":11}},"172":{"start":{"line":253,"column":12},"end":{"line":255,"column":13}},"173":{"start":{"line":254,"column":14},"end":{"line":254,"column":65}},"174":{"start":{"line":256,"column":12},"end":{"line":260,"column":13}},"175":{"start":{"line":257,"column":34},"end":{"line":257,"column":86}},"176":{"start":{"line":258,"column":14},"end":{"line":258,"column":68}},"177":{"start":{"line":259,"column":14},"end":{"line":259,"column":36}},"178":{"start":{"line":264,"column":8},"end":{"line":264,"column":56}},"179":{"start":{"line":265,"column":8},"end":{"line":280,"column":9}},"180":{"start":{"line":266,"column":10},"end":{"line":266,"column":30}},"181":{"start":{"line":267,"column":10},"end":{"line":267,"column":58}},"182":{"start":{"line":269,"column":10},"end":{"line":269,"column":39}},"183":{"start":{"line":270,"column":10},"end":{"line":279,"column":11}},"184":{"start":{"line":271,"column":31},"end":{"line":271,"column":59}},"185":{"start":{"line":272,"column":12},"end":{"line":272,"column":44}},"186":{"start":{"line":273,"column":12},"end":{"line":273,"column":33}},"187":{"start":{"line":274,"column":12},"end":{"line":274,"column":40}},"188":{"start":{"line":275,"column":12},"end":{"line":275,"column":94}},"189":{"start":{"line":277,"column":12},"end":{"line":277,"column":87}},"190":{"start":{"line":278,"column":12},"end":{"line":278,"column":69}},"191":{"start":{"line":282,"column":8},"end":{"line":282,"column":59}},"192":{"start":{"line":283,"column":28},"end":{"line":283,"column":64}},"193":{"start":{"line":284,"column":8},"end":{"line":284,"column":49}},"194":{"start":{"line":285,"column":8},"end":{"line":285,"column":36}},"195":{"start":{"line":287,"column":8},"end":{"line":287,"column":67}},"196":{"start":{"line":288,"column":8},"end":{"line":293,"column":9}},"197":{"start":{"line":289,"column":10},"end":{"line":289,"column":58}},"198":{"start":{"line":290,"column":10},"end":{"line":290,"column":77}},"199":{"start":{"line":292,"column":10},"end":{"line":292,"column":21}},"200":{"start":{"line":295,"column":8},"end":{"line":299,"column":9}},"201":{"start":{"line":296,"column":10},"end":{"line":296,"column":58}},"202":{"start":{"line":298,"column":10},"end":{"line":298,"column":21}},"203":{"start":{"line":300,"column":8},"end":{"line":300,"column":29}},"204":{"start":{"line":305,"column":20},"end":{"line":330,"column":10}},"205":{"start":{"line":306,"column":4},"end":{"line":306,"column":39}},"206":{"start":{"line":306,"column":32},"end":{"line":306,"column":39}},"207":{"start":{"line":307,"column":4},"end":{"line":329,"column":5}},"208":{"start":{"line":308,"column":19},"end":{"line":308,"column":55}},"209":{"start":{"line":309,"column":6},"end":{"line":326,"column":7}},"210":{"start":{"line":309,"column":19},"end":{"line":309,"column":38}},"211":{"start":{"line":310,"column":18},"end":{"line":310,"column":25}},"212":{"start":{"line":311,"column":21},"end":{"line":311,"column":42}},"213":{"start":{"line":312,"column":8},"end":{"line":323,"column":9}},"214":{"start":{"line":313,"column":25},"end":{"line":313,"column":45}},"215":{"start":{"line":314,"column":10},"end":{"line":314,"column":29}},"216":{"start":{"line":315,"column":10},"end":{"line":315,"column":58}},"217":{"start":{"line":316,"column":15},"end":{"line":323,"column":9}},"218":{"start":{"line":317,"column":30},"end":{"line":317,"column":76}},"219":{"start":{"line":318,"column":10},"end":{"line":322,"column":11}},"220":{"start":{"line":319,"column":27},"end":{"line":319,"column":48}},"221":{"start":{"line":320,"column":12},"end":{"line":320,"column":31}},"222":{"start":{"line":321,"column":12},"end":{"line":321,"column":60}},"223":{"start":{"line":324,"column":8},"end":{"line":324,"column":28}},"224":{"start":{"line":325,"column":8},"end":{"line":325,"column":36}},"225":{"start":{"line":328,"column":6},"end":{"line":328,"column":17}},"226":{"start":{"line":332,"column":2},"end":{"line":335,"column":5}},"227":{"start":{"line":333,"column":4},"end":{"line":333,"column":29}},"228":{"start":{"line":334,"column":4},"end":{"line":334,"column":20}},"229":{"start":{"line":337,"column":2},"end":{"line":337,"column":14}},"230":{"start":{"line":340,"column":0},"end":{"line":340,"column":33}}},"fnMap":{"0":{"name":"resolveDirs","decl":{"start":{"line":16,"column":9},"end":{"line":16,"column":20}},"loc":{"start":{"line":16,"column":33},"end":{"line":22,"column":1}},"line":16},"1":{"name":"loadState","decl":{"start":{"line":27,"column":9},"end":{"line":27,"column":18}},"loc":{"start":{"line":27,"column":30},"end":{"line":29,"column":1}},"line":27},"2":{"name":"saveState","decl":{"start":{"line":34,"column":9},"end":{"line":34,"column":18}},"loc":{"start":{"line":34,"column":37},"end":{"line":36,"column":1}},"line":34},"3":{"name":"validateConfig","decl":{"start":{"line":38,"column":9},"end":{"line":38,"column":23}},"loc":{"start":{"line":38,"column":32},"end":{"line":42,"column":1}},"line":38},"4":{"name":"getOrCreateSession","decl":{"start":{"line":47,"column":15},"end":{"line":47,"column":33}},"loc":{"start":{"line":47,"column":49},"end":{"line":58,"column":1}},"line":47},"5":{"name":"downloadMediaToBuffer","decl":{"start":{"line":63,"column":15},"end":{"line":63,"column":36}},"loc":{"start":{"line":63,"column":48},"end":{"line":70,"column":1}},"line":63},"6":{"name":"startBridge","decl":{"start":{"line":75,"column":15},"end":{"line":75,"column":26}},"loc":{"start":{"line":75,"column":44},"end":{"line":338,"column":1}},"line":75},"7":{"name":"(anonymous_7)","decl":{"start":{"line":98,"column":24},"end":{"line":98,"column":25}},"loc":{"start":{"line":98,"column":40},"end":{"line":111,"column":5}},"line":98},"8":{"name":"(anonymous_8)","decl":{"start":{"line":112,"column":22},"end":{"line":112,"column":23}},"loc":{"start":{"line":112,"column":46},"end":{"line":302,"column":5}},"line":112},"9":{"name":"(anonymous_9)","decl":{"start":{"line":198,"column":28},"end":{"line":198,"column":29}},"loc":{"start":{"line":198,"column":33},"end":{"line":198,"column":52}},"line":198},"10":{"name":"(anonymous_10)","decl":{"start":{"line":218,"column":46},"end":{"line":218,"column":47}},"loc":{"start":{"line":218,"column":51},"end":{"line":218,"column":68}},"line":218},"11":{"name":"(anonymous_11)","decl":{"start":{"line":219,"column":50},"end":{"line":219,"column":51}},"loc":{"start":{"line":219,"column":55},"end":{"line":219,"column":84}},"line":219},"12":{"name":"(anonymous_12)","decl":{"start":{"line":229,"column":46},"end":{"line":229,"column":47}},"loc":{"start":{"line":229,"column":51},"end":{"line":229,"column":68}},"line":229},"13":{"name":"(anonymous_13)","decl":{"start":{"line":230,"column":50},"end":{"line":230,"column":51}},"loc":{"start":{"line":230,"column":55},"end":{"line":230,"column":84}},"line":230},"14":{"name":"(anonymous_14)","decl":{"start":{"line":305,"column":32},"end":{"line":305,"column":33}},"loc":{"start":{"line":305,"column":44},"end":{"line":330,"column":3}},"line":305},"15":{"name":"(anonymous_15)","decl":{"start":{"line":332,"column":23},"end":{"line":332,"column":24}},"loc":{"start":{"line":332,"column":29},"end":{"line":335,"column":3}},"line":332}},"branchMap":{"0":{"loc":{"start":{"line":39,"column":2},"end":{"line":41,"column":3}},"type":"if","locations":[{"start":{"line":39,"column":2},"end":{"line":41,"column":3}},{"start":{},"end":{}}],"line":39},"1":{"loc":{"start":{"line":39,"column":6},"end":{"line":39,"column":76}},"type":"binary-expr","locations":[{"start":{"line":39,"column":6},"end":{"line":39,"column":25}},{"start":{"line":39,"column":29},"end":{"line":39,"column":49}},{"start":{"line":39,"column":53},"end":{"line":39,"column":76}}],"line":39},"2":{"loc":{"start":{"line":48,"column":2},"end":{"line":55,"column":3}},"type":"if","locations":[{"start":{"line":48,"column":2},"end":{"line":55,"column":3}},{"start":{},"end":{}}],"line":48},"3":{"loc":{"start":{"line":51,"column":6},"end":{"line":51,"column":42}},"type":"if","locations":[{"start":{"line":51,"column":6},"end":{"line":51,"column":42}},{"start":{},"end":{}}],"line":51},"4":{"loc":{"start":{"line":80,"column":28},"end":{"line":80,"column":59}},"type":"cond-expr","locations":[{"start":{"line":80,"column":43},"end":{"line":80,"column":50}},{"start":{"line":80,"column":53},"end":{"line":80,"column":59}}],"line":80},"5":{"loc":{"start":{"line":87,"column":21},"end":{"line":87,"column":42}},"type":"binary-expr","locations":[{"start":{"line":87,"column":21},"end":{"line":87,"column":36}},{"start":{"line":87,"column":40},"end":{"line":87,"column":42}}],"line":87},"6":{"loc":{"start":{"line":100,"column":6},"end":{"line":103,"column":7}},"type":"if","locations":[{"start":{"line":100,"column":6},"end":{"line":103,"column":7}},{"start":{},"end":{}}],"line":100},"7":{"loc":{"start":{"line":104,"column":6},"end":{"line":110,"column":7}},"type":"if","locations":[{"start":{"line":104,"column":6},"end":{"line":110,"column":7}},{"start":{"line":108,"column":13},"end":{"line":110,"column":7}}],"line":104},"8":{"loc":{"start":{"line":107,"column":8},"end":{"line":107,"column":58}},"type":"if","locations":[{"start":{"line":107,"column":8},"end":{"line":107,"column":58}},{"start":{},"end":{}}],"line":107},"9":{"loc":{"start":{"line":108,"column":13},"end":{"line":110,"column":7}},"type":"if","locations":[{"start":{"line":108,"column":13},"end":{"line":110,"column":7}},{"start":{},"end":{}}],"line":108},"10":{"loc":{"start":{"line":113,"column":6},"end":{"line":113,"column":31}},"type":"if","locations":[{"start":{"line":113,"column":6},"end":{"line":113,"column":31}},{"start":{},"end":{}}],"line":113},"11":{"loc":{"start":{"line":115,"column":6},"end":{"line":115,"column":32}},"type":"if","locations":[{"start":{"line":115,"column":6},"end":{"line":115,"column":32}},{"start":{},"end":{}}],"line":115},"12":{"loc":{"start":{"line":118,"column":6},"end":{"line":120,"column":7}},"type":"if","locations":[{"start":{"line":118,"column":6},"end":{"line":120,"column":7}},{"start":{},"end":{}}],"line":118},"13":{"loc":{"start":{"line":118,"column":10},"end":{"line":118,"column":44}},"type":"binary-expr","locations":[{"start":{"line":118,"column":10},"end":{"line":118,"column":16}},{"start":{"line":118,"column":20},"end":{"line":118,"column":34}},{"start":{"line":118,"column":38},"end":{"line":118,"column":44}}],"line":118},"14":{"loc":{"start":{"line":122,"column":30},"end":{"line":122,"column":83}},"type":"binary-expr","locations":[{"start":{"line":122,"column":30},"end":{"line":122,"column":44}},{"start":{"line":122,"column":48},"end":{"line":122,"column":54}},{"start":{"line":122,"column":58},"end":{"line":122,"column":63}},{"start":{"line":122,"column":67},"end":{"line":122,"column":83}}],"line":122},"15":{"loc":{"start":{"line":123,"column":6},"end":{"line":123,"column":53}},"type":"if","locations":[{"start":{"line":123,"column":6},"end":{"line":123,"column":53}},{"start":{},"end":{}}],"line":123},"16":{"loc":{"start":{"line":123,"column":10},"end":{"line":123,"column":44}},"type":"binary-expr","locations":[{"start":{"line":123,"column":10},"end":{"line":123,"column":24}},{"start":{"line":123,"column":28},"end":{"line":123,"column":44}}],"line":123},"17":{"loc":{"start":{"line":124,"column":6},"end":{"line":124,"column":80}},"type":"if","locations":[{"start":{"line":124,"column":6},"end":{"line":124,"column":80}},{"start":{},"end":{}}],"line":124},"18":{"loc":{"start":{"line":124,"column":10},"end":{"line":124,"column":71}},"type":"binary-expr","locations":[{"start":{"line":124,"column":10},"end":{"line":124,"column":25}},{"start":{"line":124,"column":29},"end":{"line":124,"column":71}}],"line":124},"19":{"loc":{"start":{"line":128,"column":6},"end":{"line":153,"column":7}},"type":"if","locations":[{"start":{"line":128,"column":6},"end":{"line":153,"column":7}},{"start":{"line":130,"column":13},"end":{"line":153,"column":7}}],"line":128},"20":{"loc":{"start":{"line":130,"column":13},"end":{"line":153,"column":7}},"type":"if","locations":[{"start":{"line":130,"column":13},"end":{"line":153,"column":7}},{"start":{"line":132,"column":13},"end":{"line":153,"column":7}}],"line":130},"21":{"loc":{"start":{"line":132,"column":13},"end":{"line":153,"column":7}},"type":"if","locations":[{"start":{"line":132,"column":13},"end":{"line":153,"column":7}},{"start":{"line":142,"column":13},"end":{"line":153,"column":7}}],"line":132},"22":{"loc":{"start":{"line":134,"column":8},"end":{"line":141,"column":9}},"type":"if","locations":[{"start":{"line":134,"column":8},"end":{"line":141,"column":9}},{"start":{"line":139,"column":15},"end":{"line":141,"column":9}}],"line":134},"23":{"loc":{"start":{"line":138,"column":20},"end":{"line":138,"column":65}},"type":"binary-expr","locations":[{"start":{"line":138,"column":20},"end":{"line":138,"column":52}},{"start":{"line":138,"column":56},"end":{"line":138,"column":65}}],"line":138},"24":{"loc":{"start":{"line":142,"column":13},"end":{"line":153,"column":7}},"type":"if","locations":[{"start":{"line":142,"column":13},"end":{"line":153,"column":7}},{"start":{},"end":{}}],"line":142},"25":{"loc":{"start":{"line":142,"column":17},"end":{"line":142,"column":69}},"type":"binary-expr","locations":[{"start":{"line":142,"column":17},"end":{"line":142,"column":41}},{"start":{"line":142,"column":45},"end":{"line":142,"column":69}}],"line":142},"26":{"loc":{"start":{"line":144,"column":8},"end":{"line":152,"column":9}},"type":"if","locations":[{"start":{"line":144,"column":8},"end":{"line":152,"column":9}},{"start":{"line":150,"column":15},"end":{"line":152,"column":9}}],"line":144},"27":{"loc":{"start":{"line":155,"column":6},"end":{"line":155,"column":24}},"type":"if","locations":[{"start":{"line":155,"column":6},"end":{"line":155,"column":24}},{"start":{},"end":{}}],"line":155},"28":{"loc":{"start":{"line":156,"column":6},"end":{"line":159,"column":7}},"type":"if","locations":[{"start":{"line":156,"column":6},"end":{"line":159,"column":7}},{"start":{},"end":{}}],"line":156},"29":{"loc":{"start":{"line":162,"column":6},"end":{"line":175,"column":7}},"type":"if","locations":[{"start":{"line":162,"column":6},"end":{"line":175,"column":7}},{"start":{},"end":{}}],"line":162},"30":{"loc":{"start":{"line":177,"column":6},"end":{"line":180,"column":7}},"type":"if","locations":[{"start":{"line":177,"column":6},"end":{"line":180,"column":7}},{"start":{},"end":{}}],"line":177},"31":{"loc":{"start":{"line":186,"column":45},"end":{"line":186,"column":112}},"type":"cond-expr","locations":[{"start":{"line":186,"column":77},"end":{"line":186,"column":89}},{"start":{"line":186,"column":92},"end":{"line":186,"column":112}}],"line":186},"32":{"loc":{"start":{"line":197,"column":15},"end":{"line":197,"column":47}},"type":"binary-expr","locations":[{"start":{"line":197,"column":15},"end":{"line":197,"column":21}},{"start":{"line":197,"column":25},"end":{"line":197,"column":47}}],"line":197},"33":{"loc":{"start":{"line":202,"column":12},"end":{"line":248,"column":13}},"type":"if","locations":[{"start":{"line":202,"column":12},"end":{"line":248,"column":13}},{"start":{},"end":{}}],"line":202},"34":{"loc":{"start":{"line":203,"column":31},"end":{"line":203,"column":44}},"type":"binary-expr","locations":[{"start":{"line":203,"column":31},"end":{"line":203,"column":38}},{"start":{"line":203,"column":42},"end":{"line":203,"column":44}}],"line":203},"35":{"loc":{"start":{"line":207,"column":16},"end":{"line":210,"column":17}},"type":"if","locations":[{"start":{"line":207,"column":16},"end":{"line":210,"column":17}},{"start":{},"end":{}}],"line":207},"36":{"loc":{"start":{"line":207,"column":20},"end":{"line":207,"column":68}},"type":"binary-expr","locations":[{"start":{"line":207,"column":20},"end":{"line":207,"column":37}},{"start":{"line":207,"column":41},"end":{"line":207,"column":47}},{"start":{"line":207,"column":51},"end":{"line":207,"column":68}}],"line":207},"37":{"loc":{"start":{"line":213,"column":14},"end":{"line":247,"column":15}},"type":"if","locations":[{"start":{"line":213,"column":14},"end":{"line":247,"column":15}},{"start":{"line":228,"column":21},"end":{"line":247,"column":15}}],"line":213},"38":{"loc":{"start":{"line":215,"column":16},"end":{"line":217,"column":17}},"type":"if","locations":[{"start":{"line":215,"column":16},"end":{"line":217,"column":17}},{"start":{},"end":{}}],"line":215},"39":{"loc":{"start":{"line":220,"column":16},"end":{"line":222,"column":17}},"type":"if","locations":[{"start":{"line":220,"column":16},"end":{"line":222,"column":17}},{"start":{},"end":{}}],"line":220},"40":{"loc":{"start":{"line":224,"column":16},"end":{"line":226,"column":17}},"type":"if","locations":[{"start":{"line":224,"column":16},"end":{"line":226,"column":17}},{"start":{},"end":{}}],"line":224},"41":{"loc":{"start":{"line":231,"column":16},"end":{"line":246,"column":17}},"type":"if","locations":[{"start":{"line":231,"column":16},"end":{"line":246,"column":17}},{"start":{},"end":{}}],"line":231},"42":{"loc":{"start":{"line":233,"column":18},"end":{"line":245,"column":19}},"type":"if","locations":[{"start":{"line":233,"column":18},"end":{"line":245,"column":19}},{"start":{},"end":{}}],"line":233},"43":{"loc":{"start":{"line":235,"column":22},"end":{"line":241,"column":23}},"type":"if","locations":[{"start":{"line":235,"column":22},"end":{"line":241,"column":23}},{"start":{},"end":{}}],"line":235},"44":{"loc":{"start":{"line":235,"column":26},"end":{"line":235,"column":76}},"type":"binary-expr","locations":[{"start":{"line":235,"column":26},"end":{"line":235,"column":57}},{"start":{"line":235,"column":61},"end":{"line":235,"column":76}}],"line":235},"45":{"loc":{"start":{"line":237,"column":24},"end":{"line":240,"column":25}},"type":"if","locations":[{"start":{"line":237,"column":24},"end":{"line":240,"column":25}},{"start":{},"end":{}}],"line":237},"46":{"loc":{"start":{"line":237,"column":28},"end":{"line":237,"column":76}},"type":"binary-expr","locations":[{"start":{"line":237,"column":28},"end":{"line":237,"column":54}},{"start":{"line":237,"column":58},"end":{"line":237,"column":76}}],"line":237},"47":{"loc":{"start":{"line":243,"column":20},"end":{"line":243,"column":37}},"type":"if","locations":[{"start":{"line":243,"column":20},"end":{"line":243,"column":37}},{"start":{},"end":{}}],"line":243},"48":{"loc":{"start":{"line":252,"column":10},"end":{"line":261,"column":11}},"type":"if","locations":[{"start":{"line":252,"column":10},"end":{"line":261,"column":11}},{"start":{},"end":{}}],"line":252},"49":{"loc":{"start":{"line":253,"column":12},"end":{"line":255,"column":13}},"type":"if","locations":[{"start":{"line":253,"column":12},"end":{"line":255,"column":13}},{"start":{},"end":{}}],"line":253},"50":{"loc":{"start":{"line":253,"column":16},"end":{"line":253,"column":54}},"type":"binary-expr","locations":[{"start":{"line":253,"column":16},"end":{"line":253,"column":31}},{"start":{"line":253,"column":35},"end":{"line":253,"column":54}}],"line":253},"51":{"loc":{"start":{"line":256,"column":12},"end":{"line":260,"column":13}},"type":"if","locations":[{"start":{"line":256,"column":12},"end":{"line":260,"column":13}},{"start":{},"end":{}}],"line":256},"52":{"loc":{"start":{"line":265,"column":8},"end":{"line":280,"column":9}},"type":"if","locations":[{"start":{"line":265,"column":8},"end":{"line":280,"column":9}},{"start":{"line":268,"column":15},"end":{"line":280,"column":9}}],"line":265},"53":{"loc":{"start":{"line":306,"column":4},"end":{"line":306,"column":39}},"type":"if","locations":[{"start":{"line":306,"column":4},"end":{"line":306,"column":39}},{"start":{},"end":{}}],"line":306},"54":{"loc":{"start":{"line":306,"column":8},"end":{"line":306,"column":30}},"type":"binary-expr","locations":[{"start":{"line":306,"column":8},"end":{"line":306,"column":20}},{"start":{"line":306,"column":24},"end":{"line":306,"column":30}}],"line":306},"55":{"loc":{"start":{"line":312,"column":8},"end":{"line":323,"column":9}},"type":"if","locations":[{"start":{"line":312,"column":8},"end":{"line":323,"column":9}},{"start":{"line":316,"column":15},"end":{"line":323,"column":9}}],"line":312},"56":{"loc":{"start":{"line":312,"column":12},"end":{"line":312,"column":62}},"type":"binary-expr","locations":[{"start":{"line":312,"column":12},"end":{"line":312,"column":28}},{"start":{"line":312,"column":32},"end":{"line":312,"column":36}},{"start":{"line":312,"column":40},"end":{"line":312,"column":62}}],"line":312},"57":{"loc":{"start":{"line":316,"column":15},"end":{"line":323,"column":9}},"type":"if","locations":[{"start":{"line":316,"column":15},"end":{"line":323,"column":9}},{"start":{},"end":{}}],"line":316},"58":{"loc":{"start":{"line":316,"column":19},"end":{"line":316,"column":67}},"type":"binary-expr","locations":[{"start":{"line":316,"column":19},"end":{"line":316,"column":40}},{"start":{"line":316,"column":44},"end":{"line":316,"column":48}},{"start":{"line":316,"column":52},"end":{"line":316,"column":67}}],"line":316},"59":{"loc":{"start":{"line":318,"column":10},"end":{"line":322,"column":11}},"type":"if","locations":[{"start":{"line":318,"column":10},"end":{"line":322,"column":11}},{"start":{},"end":{}}],"line":318},"60":{"loc":{"start":{"line":318,"column":14},"end":{"line":318,"column":78}},"type":"binary-expr","locations":[{"start":{"line":318,"column":14},"end":{"line":318,"column":25}},{"start":{"line":318,"column":29},"end":{"line":318,"column":78}}],"line":318}},"s":{"0":1,"1":1,"2":1,"3":1,"4":1,"5":1,"6":1,"7":1,"8":1,"9":1,"10":1,"11":0,"12":0,"13":0,"14":0,"15":0,"16":0,"17":0,"18":1,"19":1,"20":0,"21":0,"22":0,"23":0,"24":0,"25":0,"26":0,"27":0,"28":0,"29":0,"30":0,"31":0,"32":1,"33":0,"34":0,"35":0,"36":0,"37":0,"38":0,"39":0,"40":0,"41":0,"42":0,"43":0,"44":0,"45":0,"46":0,"47":0,"48":0,"49":0,"50":0,"51":0,"52":0,"53":0,"54":0,"55":0,"56":0,"57":0,"58":0,"59":0,"60":0,"61":0,"62":0,"63":0,"64":0,"65":0,"66":0,"67":0,"68":0,"69":0,"70":0,"71":0,"72":0,"73":0,"74":0,"75":0,"76":0,"77":0,"78":0,"79":0,"80":0,"81":0,"82":0,"83":0,"84":0,"85":0,"86":0,"87":0,"88":0,"89":0,"90":0,"91":0,"92":0,"93":0,"94":0,"95":0,"96":0,"97":0,"98":0,"99":0,"100":0,"101":0,"102":0,"103":0,"104":0,"105":0,"106":0,"107":0,"108":0,"109":0,"110":0,"111":0,"112":0,"113":0,"114":0,"115":0,"116":0,"117":0,"118":0,"119":0,"120":0,"121":0,"122":0,"123":0,"124":0,"125":0,"126":0,"127":0,"128":0,"129":0,"130":0,"131":0,"132":0,"133":0,"134":0,"135":0,"136":0,"137":0,"138":0,"139":0,"140":0,"141":0,"142":0,"143":0,"144":0,"145":0,"146":0,"147":0,"148":0,"149":0,"150":0,"151":0,"152":0,"153":0,"154":0,"155":0,"156":0,"157":0,"158":0,"159":0,"160":0,"161":0,"162":0,"163":0,"164":0,"165":0,"166":0,"167":0,"168":0,"169":0,"170":0,"171":0,"172":0,"173":0,"174":0,"175":0,"176":0,"177":0,"178":0,"179":0,"180":0,"181":0,"182":0,"183":0,"184":0,"185":0,"186":0,"187":0,"188":0,"189":0,"190":0,"191":0,"192":0,"193":0,"194":0,"195":0,"196":0,"197":0,"198":0,"199":0,"200":0,"201":0,"202":0,"203":0,"204":0,"205":0,"206":0,"207":0,"208":0,"209":0,"210":0,"211":0,"212":0,"213":0,"214":0,"215":0,"216":0,"217":0,"218":0,"219":0,"220":0,"221":0,"222":0,"223":0,"224":0,"225":0,"226":0,"227":0,"228":0,"229":0,"230":1},"f":{"0":0,"1":0,"2":0,"3":1,"4":0,"5":0,"6":1,"7":0,"8":0,"9":0,"10":0,"11":0,"12":0,"13":0,"14":0,"15":0},"b":{"0":[1,0],"1":[1,1,0],"2":[0,0],"3":[0,0],"4":[0,0],"5":[0,0],"6":[0,0],"7":[0,0],"8":[0,0],"9":[0,0],"10":[0,0],"11":[0,0],"12":[0,0],"13":[0,0,0],"14":[0,0,0,0],"15":[0,0],"16":[0,0],"17":[0,0],"18":[0,0],"19":[0,0],"20":[0,0],"21":[0,0],"22":[0,0],"23":[0,0],"24":[0,0],"25":[0,0],"26":[0,0],"27":[0,0],"28":[0,0],"29":[0,0],"30":[0,0],"31":[0,0],"32":[0,0],"33":[0,0],"34":[0,0],"35":[0,0],"36":[0,0,0],"37":[0,0],"38":[0,0],"39":[0,0],"40":[0,0],"41":[0,0],"42":[0,0],"43":[0,0],"44":[0,0],"45":[0,0],"46":[0,0],"47":[0,0],"48":[0,0],"49":[0,0],"50":[0,0],"51":[0,0],"52":[0,0],"53":[0,0],"54":[0,0],"55":[0,0],"56":[0,0,0],"57":[0,0],"58":[0,0,0],"59":[0,0],"60":[0,0]},"_coverageSchema":"1a1c01bbd47fc00a2c39e90264f33305004495a9","hash":"19d42bd9b63bfed05b8c6761224d7b8f5db06fe1"}
,"/Users/jinghai/coder/inbox/whatsapp-opencode/.worktrees/whatsapp-opencode-refactor/src/services/opencodeClient.js": {"path":"/Users/jinghai/coder/inbox/whatsapp-opencode/.worktrees/whatsapp-opencode-refactor/src/services/opencodeClient.js","statementMap":{"0":{"start":{"line":1,"column":14},"end":{"line":1,"column":30}},"1":{"start":{"line":7,"column":17},"end":{"line":10,"column":4}},"2":{"start":{"line":16,"column":16},"end":{"line":16,"column":57}},"3":{"start":{"line":17,"column":4},"end":{"line":17,"column":20}},"4":{"start":{"line":24,"column":16},"end":{"line":24,"column":45}},"5":{"start":{"line":25,"column":4},"end":{"line":25,"column":20}},"6":{"start":{"line":32,"column":16},"end":{"line":32,"column":65}},"7":{"start":{"line":33,"column":4},"end":{"line":33,"column":26}},"8":{"start":{"line":40,"column":16},"end":{"line":40,"column":82}},"9":{"start":{"line":41,"column":4},"end":{"line":41,"column":20}},"10":{"start":{"line":44,"column":2},"end":{"line":49,"column":4}},"11":{"start":{"line":52,"column":0},"end":{"line":52,"column":42}}},"fnMap":{"0":{"name":"createOpenCodeClient","decl":{"start":{"line":6,"column":9},"end":{"line":6,"column":29}},"loc":{"start":{"line":6,"column":39},"end":{"line":50,"column":1}},"line":6},"1":{"name":"getSession","decl":{"start":{"line":15,"column":17},"end":{"line":15,"column":27}},"loc":{"start":{"line":15,"column":39},"end":{"line":18,"column":3}},"line":15},"2":{"name":"createSession","decl":{"start":{"line":23,"column":17},"end":{"line":23,"column":30}},"loc":{"start":{"line":23,"column":33},"end":{"line":26,"column":3}},"line":23},"3":{"name":"listMessages","decl":{"start":{"line":31,"column":17},"end":{"line":31,"column":29}},"loc":{"start":{"line":31,"column":41},"end":{"line":34,"column":3}},"line":31},"4":{"name":"sendPromptAsync","decl":{"start":{"line":39,"column":17},"end":{"line":39,"column":32}},"loc":{"start":{"line":39,"column":51},"end":{"line":42,"column":3}},"line":39}},"branchMap":{"0":{"loc":{"start":{"line":33,"column":11},"end":{"line":33,"column":25}},"type":"binary-expr","locations":[{"start":{"line":33,"column":11},"end":{"line":33,"column":19}},{"start":{"line":33,"column":23},"end":{"line":33,"column":25}}],"line":33}},"s":{"0":1,"1":0,"2":0,"3":0,"4":0,"5":0,"6":0,"7":0,"8":0,"9":0,"10":0,"11":1},"f":{"0":0,"1":0,"2":0,"3":0,"4":0},"b":{"0":[0,0]},"_coverageSchema":"1a1c01bbd47fc00a2c39e90264f33305004495a9","hash":"f10b5e2993254ba1717b30c8c68658f67153ca69"}
,"/Users/jinghai/coder/inbox/whatsapp-opencode/.worktrees/whatsapp-opencode-refactor/src/services/transcriber.js": {"path":"/Users/jinghai/coder/inbox/whatsapp-opencode/.worktrees/whatsapp-opencode-refactor/src/services/transcriber.js","statementMap":{"0":{"start":{"line":1,"column":11},"end":{"line":1,"column":24}},"1":{"start":{"line":2,"column":13},"end":{"line":2,"column":28}},"2":{"start":{"line":3,"column":14},"end":{"line":3,"column":30}},"3":{"start":{"line":4,"column":17},"end":{"line":4,"column":37}},"4":{"start":{"line":6,"column":20},"end":{"line":6,"column":72}},"5":{"start":{"line":7,"column":22},"end":{"line":7,"column":51}},"6":{"start":{"line":13,"column":84},"end":{"line":13,"column":91}},"7":{"start":{"line":14,"column":19},"end":{"line":14,"column":64}},"8":{"start":{"line":15,"column":2},"end":{"line":36,"column":3}},"9":{"start":{"line":16,"column":4},"end":{"line":16,"column":39}},"10":{"start":{"line":17,"column":17},"end":{"line":17,"column":31}},"11":{"start":{"line":18,"column":4},"end":{"line":18,"column":108}},"12":{"start":{"line":19,"column":4},"end":{"line":19,"column":32}},"13":{"start":{"line":20,"column":16},"end":{"line":26,"column":6}},"14":{"start":{"line":27,"column":4},"end":{"line":27,"column":28}},"15":{"start":{"line":28,"column":4},"end":{"line":28,"column":40}},"16":{"start":{"line":30,"column":4},"end":{"line":34,"column":5}},"17":{"start":{"line":31,"column":6},"end":{"line":31,"column":59}},"18":{"start":{"line":31,"column":35},"end":{"line":31,"column":59}},"19":{"start":{"line":33,"column":6},"end":{"line":33,"column":24}},"20":{"start":{"line":35,"column":4},"end":{"line":35,"column":23}},"21":{"start":{"line":39,"column":0},"end":{"line":39,"column":37}}},"fnMap":{"0":{"name":"transcribeAudio","decl":{"start":{"line":12,"column":15},"end":{"line":12,"column":30}},"loc":{"start":{"line":12,"column":40},"end":{"line":37,"column":1}},"line":12}},"branchMap":{"0":{"loc":{"start":{"line":13,"column":36},"end":{"line":13,"column":56}},"type":"default-arg","locations":[{"start":{"line":13,"column":45},"end":{"line":13,"column":56}}],"line":13},"1":{"loc":{"start":{"line":13,"column":58},"end":{"line":13,"column":79}},"type":"default-arg","locations":[{"start":{"line":13,"column":66},"end":{"line":13,"column":79}}],"line":13},"2":{"loc":{"start":{"line":28,"column":11},"end":{"line":28,"column":39}},"type":"binary-expr","locations":[{"start":{"line":28,"column":11},"end":{"line":28,"column":24}},{"start":{"line":28,"column":28},"end":{"line":28,"column":39}}],"line":28},"3":{"loc":{"start":{"line":31,"column":6},"end":{"line":31,"column":59}},"type":"if","locations":[{"start":{"line":31,"column":6},"end":{"line":31,"column":59}},{"start":{},"end":{}}],"line":31}},"s":{"0":1,"1":1,"2":1,"3":1,"4":1,"5":1,"6":0,"7":0,"8":0,"9":0,"10":0,"11":0,"12":0,"13":0,"14":0,"15":0,"16":0,"17":0,"18":0,"19":0,"20":0,"21":1},"f":{"0":0},"b":{"0":[0],"1":[0],"2":[0,0],"3":[0,0]},"_coverageSchema":"1a1c01bbd47fc00a2c39e90264f33305004495a9","hash":"78936f965f8ca52de48e9744e4f536494c4d333d"}
,"/Users/jinghai/coder/inbox/whatsapp-opencode/.worktrees/whatsapp-opencode-refactor/src/services/whatsappClient.js": {"path":"/Users/jinghai/coder/inbox/whatsapp-opencode/.worktrees/whatsapp-opencode-refactor/src/services/whatsappClient.js","statementMap":{"0":{"start":{"line":1,"column":75},"end":{"line":1,"column":109}},"1":{"start":{"line":2,"column":10},"end":{"line":2,"column":25}},"2":{"start":{"line":8,"column":60},"end":{"line":8,"column":67}},"3":{"start":{"line":9,"column":31},"end":{"line":9,"column":67}},"4":{"start":{"line":10,"column":22},"end":{"line":10,"column":55}},"5":{"start":{"line":12,"column":15},"end":{"line":17,"column":4}},"6":{"start":{"line":19,"column":2},"end":{"line":19,"column":54}},"7":{"start":{"line":20,"column":2},"end":{"line":20,"column":50}},"8":{"start":{"line":21,"column":2},"end":{"line":21,"column":40}},"9":{"start":{"line":23,"column":2},"end":{"line":23,"column":14}},"10":{"start":{"line":26,"column":0},"end":{"line":26,"column":42}}},"fnMap":{"0":{"name":"createWhatsAppClient","decl":{"start":{"line":7,"column":15},"end":{"line":7,"column":35}},"loc":{"start":{"line":7,"column":45},"end":{"line":24,"column":1}},"line":7}},"branchMap":{},"s":{"0":1,"1":1,"2":0,"3":0,"4":0,"5":0,"6":0,"7":0,"8":0,"9":0,"10":1},"f":{"0":0},"b":{},"_coverageSchema":"1a1c01bbd47fc00a2c39e90264f33305004495a9","hash":"c687c7d8b96979fd8a619e8ab9d3b21d79e2c54e"}
,"/Users/jinghai/coder/inbox/whatsapp-opencode/.worktrees/whatsapp-opencode-refactor/src/utils/filesystem.js": {"path":"/Users/jinghai/coder/inbox/whatsapp-opencode/.worktrees/whatsapp-opencode-refactor/src/utils/filesystem.js","statementMap":{"0":{"start":{"line":1,"column":11},"end":{"line":1,"column":24}},"1":{"start":{"line":7,"column":2},"end":{"line":9,"column":3}},"2":{"start":{"line":8,"column":4},"end":{"line":8,"column":47}},"3":{"start":{"line":16,"column":2},"end":{"line":22,"column":3}},"4":{"start":{"line":17,"column":4},"end":{"line":19,"column":5}},"5":{"start":{"line":18,"column":6},"end":{"line":18,"column":59}},"6":{"start":{"line":21,"column":4},"end":{"line":21,"column":20}},"7":{"start":{"line":23,"column":2},"end":{"line":23,"column":18}},"8":{"start":{"line":30,"column":2},"end":{"line":30,"column":60}},"9":{"start":{"line":33,"column":0},"end":{"line":37,"column":2}}},"fnMap":{"0":{"name":"ensureDir","decl":{"start":{"line":6,"column":9},"end":{"line":6,"column":18}},"loc":{"start":{"line":6,"column":28},"end":{"line":10,"column":1}},"line":6},"1":{"name":"readJson","decl":{"start":{"line":15,"column":9},"end":{"line":15,"column":17}},"loc":{"start":{"line":15,"column":38},"end":{"line":24,"column":1}},"line":15},"2":{"name":"writeJson","decl":{"start":{"line":29,"column":9},"end":{"line":29,"column":18}},"loc":{"start":{"line":29,"column":35},"end":{"line":31,"column":1}},"line":29}},"branchMap":{"0":{"loc":{"start":{"line":7,"column":2},"end":{"line":9,"column":3}},"type":"if","locations":[{"start":{"line":7,"column":2},"end":{"line":9,"column":3}},{"start":{},"end":{}}],"line":7},"1":{"loc":{"start":{"line":17,"column":4},"end":{"line":19,"column":5}},"type":"if","locations":[{"start":{"line":17,"column":4},"end":{"line":19,"column":5}},{"start":{},"end":{}}],"line":17}},"s":{"0":1,"1":0,"2":0,"3":0,"4":0,"5":0,"6":0,"7":0,"8":0,"9":1},"f":{"0":0,"1":0,"2":0},"b":{"0":[0,0],"1":[0,0]},"_coverageSchema":"1a1c01bbd47fc00a2c39e90264f33305004495a9","hash":"d64d7d5877cddcf8292b16e24ecf6046983164ae"}
,"/Users/jinghai/coder/inbox/whatsapp-opencode/.worktrees/whatsapp-opencode-refactor/src/utils/messages.js": {"path":"/Users/jinghai/coder/inbox/whatsapp-opencode/.worktrees/whatsapp-opencode-refactor/src/utils/messages.js","statementMap":{"0":{"start":{"line":5,"column":16},"end":{"line":5,"column":31}},"1":{"start":{"line":6,"column":2},"end":{"line":6,"column":57}},"2":{"start":{"line":13,"column":16},"end":{"line":13,"column":31}},"3":{"start":{"line":14,"column":2},"end":{"line":14,"column":76}},"4":{"start":{"line":14,"column":25},"end":{"line":14,"column":74}},"5":{"start":{"line":21,"column":2},"end":{"line":23,"column":3}},"6":{"start":{"line":22,"column":4},"end":{"line":22,"column":51}},"7":{"start":{"line":22,"column":37},"end":{"line":22,"column":51}},"8":{"start":{"line":24,"column":2},"end":{"line":24,"column":12}},"9":{"start":{"line":31,"column":16},"end":{"line":31,"column":18}},"10":{"start":{"line":32,"column":20},"end":{"line":32,"column":24}},"11":{"start":{"line":33,"column":22},"end":{"line":33,"column":24}},"12":{"start":{"line":35,"column":2},"end":{"line":61,"column":3}},"13":{"start":{"line":35,"column":15},"end":{"line":35,"column":30}},"14":{"start":{"line":36,"column":14},"end":{"line":36,"column":21}},"15":{"start":{"line":37,"column":4},"end":{"line":60,"column":5}},"16":{"start":{"line":38,"column":20},"end":{"line":38,"column":33}},"17":{"start":{"line":39,"column":6},"end":{"line":59,"column":7}},"18":{"start":{"line":40,"column":8},"end":{"line":47,"column":9}},"19":{"start":{"line":41,"column":26},"end":{"line":41,"column":39}},"20":{"start":{"line":42,"column":10},"end":{"line":46,"column":11}},"21":{"start":{"line":43,"column":12},"end":{"line":43,"column":56}},"22":{"start":{"line":45,"column":12},"end":{"line":45,"column":36}},"23":{"start":{"line":48,"column":8},"end":{"line":58,"column":9}},"24":{"start":{"line":49,"column":25},"end":{"line":49,"column":40}},"25":{"start":{"line":50,"column":30},"end":{"line":50,"column":51}},"26":{"start":{"line":51,"column":27},"end":{"line":51,"column":64}},"27":{"start":{"line":52,"column":24},"end":{"line":52,"column":38}},"28":{"start":{"line":53,"column":10},"end":{"line":57,"column":11}},"29":{"start":{"line":54,"column":24},"end":{"line":54,"column":69}},"30":{"start":{"line":55,"column":29},"end":{"line":55,"column":77}},"31":{"start":{"line":56,"column":12},"end":{"line":56,"column":83}},"32":{"start":{"line":63,"column":2},"end":{"line":63,"column":43}},"33":{"start":{"line":63,"column":19},"end":{"line":63,"column":43}},"34":{"start":{"line":64,"column":2},"end":{"line":64,"column":55}},"35":{"start":{"line":64,"column":21},"end":{"line":64,"column":55}},"36":{"start":{"line":65,"column":2},"end":{"line":65,"column":52}},"37":{"start":{"line":72,"column":18},"end":{"line":72,"column":43}},"38":{"start":{"line":73,"column":18},"end":{"line":73,"column":99}},"39":{"start":{"line":74,"column":23},"end":{"line":74,"column":63}},"40":{"start":{"line":75,"column":2},"end":{"line":77,"column":3}},"41":{"start":{"line":76,"column":4},"end":{"line":76,"column":93}},"42":{"start":{"line":78,"column":2},"end":{"line":78,"column":54}},"43":{"start":{"line":81,"column":0},"end":{"line":87,"column":2}}},"fnMap":{"0":{"name":"isUserMessage","decl":{"start":{"line":4,"column":9},"end":{"line":4,"column":22}},"loc":{"start":{"line":4,"column":28},"end":{"line":7,"column":1}},"line":4},"1":{"name":"isAssistantMessage","decl":{"start":{"line":12,"column":9},"end":{"line":12,"column":27}},"loc":{"start":{"line":12,"column":33},"end":{"line":15,"column":1}},"line":12},"2":{"name":"(anonymous_2)","decl":{"start":{"line":14,"column":20},"end":{"line":14,"column":21}},"loc":{"start":{"line":14,"column":25},"end":{"line":14,"column":74}},"line":14},"3":{"name":"getTextFromMessage","decl":{"start":{"line":20,"column":9},"end":{"line":20,"column":27}},"loc":{"start":{"line":20,"column":33},"end":{"line":25,"column":1}},"line":20},"4":{"name":"formatProgressInfo","decl":{"start":{"line":30,"column":9},"end":{"line":30,"column":27}},"loc":{"start":{"line":30,"column":50},"end":{"line":66,"column":1}},"line":30},"5":{"name":"buildProgressMessage","decl":{"start":{"line":71,"column":9},"end":{"line":71,"column":29}},"loc":{"start":{"line":71,"column":62},"end":{"line":79,"column":1}},"line":71}},"branchMap":{"0":{"loc":{"start":{"line":5,"column":16},"end":{"line":5,"column":31}},"type":"binary-expr","locations":[{"start":{"line":5,"column":16},"end":{"line":5,"column":25}},{"start":{"line":5,"column":29},"end":{"line":5,"column":31}}],"line":5},"1":{"loc":{"start":{"line":6,"column":9},"end":{"line":6,"column":56}},"type":"binary-expr","locations":[{"start":{"line":6,"column":9},"end":{"line":6,"column":27}},{"start":{"line":6,"column":31},"end":{"line":6,"column":56}}],"line":6},"2":{"loc":{"start":{"line":13,"column":16},"end":{"line":13,"column":31}},"type":"binary-expr","locations":[{"start":{"line":13,"column":16},"end":{"line":13,"column":25}},{"start":{"line":13,"column":29},"end":{"line":13,"column":31}}],"line":13},"3":{"loc":{"start":{"line":14,"column":25},"end":{"line":14,"column":74}},"type":"binary-expr","locations":[{"start":{"line":14,"column":25},"end":{"line":14,"column":48}},{"start":{"line":14,"column":52},"end":{"line":14,"column":74}}],"line":14},"4":{"loc":{"start":{"line":21,"column":18},"end":{"line":21,"column":33}},"type":"binary-expr","locations":[{"start":{"line":21,"column":18},"end":{"line":21,"column":27}},{"start":{"line":21,"column":31},"end":{"line":21,"column":33}}],"line":21},"5":{"loc":{"start":{"line":22,"column":4},"end":{"line":22,"column":51}},"type":"if","locations":[{"start":{"line":22,"column":4},"end":{"line":22,"column":51}},{"start":{},"end":{}}],"line":22},"6":{"loc":{"start":{"line":22,"column":8},"end":{"line":22,"column":35}},"type":"binary-expr","locations":[{"start":{"line":22,"column":8},"end":{"line":22,"column":25}},{"start":{"line":22,"column":29},"end":{"line":22,"column":35}}],"line":22},"7":{"loc":{"start":{"line":37,"column":4},"end":{"line":60,"column":5}},"type":"if","locations":[{"start":{"line":37,"column":4},"end":{"line":60,"column":5}},{"start":{},"end":{}}],"line":37},"8":{"loc":{"start":{"line":38,"column":20},"end":{"line":38,"column":33}},"type":"binary-expr","locations":[{"start":{"line":38,"column":20},"end":{"line":38,"column":27}},{"start":{"line":38,"column":31},"end":{"line":38,"column":33}}],"line":38},"9":{"loc":{"start":{"line":40,"column":8},"end":{"line":47,"column":9}},"type":"if","locations":[{"start":{"line":40,"column":8},"end":{"line":47,"column":9}},{"start":{},"end":{}}],"line":40},"10":{"loc":{"start":{"line":40,"column":12},"end":{"line":40,"column":44}},"type":"binary-expr","locations":[{"start":{"line":40,"column":12},"end":{"line":40,"column":34}},{"start":{"line":40,"column":38},"end":{"line":40,"column":44}}],"line":40},"11":{"loc":{"start":{"line":42,"column":10},"end":{"line":46,"column":11}},"type":"if","locations":[{"start":{"line":42,"column":10},"end":{"line":46,"column":11}},{"start":{"line":44,"column":17},"end":{"line":46,"column":11}}],"line":42},"12":{"loc":{"start":{"line":48,"column":8},"end":{"line":58,"column":9}},"type":"if","locations":[{"start":{"line":48,"column":8},"end":{"line":58,"column":9}},{"start":{},"end":{}}],"line":48},"13":{"loc":{"start":{"line":50,"column":31},"end":{"line":50,"column":43}},"type":"binary-expr","locations":[{"start":{"line":50,"column":31},"end":{"line":50,"column":37}},{"start":{"line":50,"column":41},"end":{"line":50,"column":43}}],"line":50},"14":{"loc":{"start":{"line":51,"column":27},"end":{"line":51,"column":64}},"type":"cond-expr","locations":[{"start":{"line":51,"column":41},"end":{"line":51,"column":52}},{"start":{"line":51,"column":55},"end":{"line":51,"column":64}}],"line":51},"15":{"loc":{"start":{"line":53,"column":10},"end":{"line":57,"column":11}},"type":"if","locations":[{"start":{"line":53,"column":10},"end":{"line":57,"column":11}},{"start":{},"end":{}}],"line":53},"16":{"loc":{"start":{"line":53,"column":14},"end":{"line":53,"column":50}},"type":"binary-expr","locations":[{"start":{"line":53,"column":14},"end":{"line":53,"column":34}},{"start":{"line":53,"column":38},"end":{"line":53,"column":50}}],"line":53},"17":{"loc":{"start":{"line":54,"column":25},"end":{"line":54,"column":61}},"type":"binary-expr","locations":[{"start":{"line":54,"column":25},"end":{"line":54,"column":39}},{"start":{"line":54,"column":43},"end":{"line":54,"column":55}},{"start":{"line":54,"column":59},"end":{"line":54,"column":61}}],"line":54},"18":{"loc":{"start":{"line":55,"column":29},"end":{"line":55,"column":77}},"type":"cond-expr","locations":[{"start":{"line":55,"column":47},"end":{"line":55,"column":71}},{"start":{"line":55,"column":74},"end":{"line":55,"column":77}}],"line":55},"19":{"loc":{"start":{"line":56,"column":48},"end":{"line":56,"column":80}},"type":"cond-expr","locations":[{"start":{"line":56,"column":59},"end":{"line":56,"column":75}},{"start":{"line":56,"column":78},"end":{"line":56,"column":80}}],"line":56},"20":{"loc":{"start":{"line":63,"column":2},"end":{"line":63,"column":43}},"type":"if","locations":[{"start":{"line":63,"column":2},"end":{"line":63,"column":43}},{"start":{},"end":{}}],"line":63},"21":{"loc":{"start":{"line":64,"column":2},"end":{"line":64,"column":55}},"type":"if","locations":[{"start":{"line":64,"column":2},"end":{"line":64,"column":55}},{"start":{},"end":{}}],"line":64},"22":{"loc":{"start":{"line":65,"column":9},"end":{"line":65,"column":51}},"type":"cond-expr","locations":[{"start":{"line":65,"column":28},"end":{"line":65,"column":44}},{"start":{"line":65,"column":47},"end":{"line":65,"column":51}}],"line":65},"23":{"loc":{"start":{"line":73,"column":18},"end":{"line":73,"column":99}},"type":"cond-expr","locations":[{"start":{"line":73,"column":34},"end":{"line":73,"column":82}},{"start":{"line":73,"column":85},"end":{"line":73,"column":99}}],"line":73},"24":{"loc":{"start":{"line":75,"column":2},"end":{"line":77,"column":3}},"type":"if","locations":[{"start":{"line":75,"column":2},"end":{"line":77,"column":3}},{"start":{},"end":{}}],"line":75}},"s":{"0":0,"1":0,"2":0,"3":0,"4":0,"5":0,"6":0,"7":0,"8":0,"9":8,"10":8,"11":8,"12":8,"13":8,"14":7,"15":7,"16":7,"17":7,"18":7,"19":2,"20":2,"21":1,"22":1,"23":7,"24":5,"25":5,"26":5,"27":5,"28":5,"29":4,"30":4,"31":4,"32":8,"33":4,"34":8,"35":2,"36":8,"37":2,"38":2,"39":2,"40":2,"41":1,"42":1,"43":2},"f":{"0":0,"1":0,"2":0,"3":0,"4":8,"5":2},"b":{"0":[0,0],"1":[0,0],"2":[0,0],"3":[0,0],"4":[0,0],"5":[0,0],"6":[0,0],"7":[7,0],"8":[7,0],"9":[2,5],"10":[7,2],"11":[1,1],"12":[5,2],"13":[5,0],"14":[4,1],"15":[4,1],"16":[5,5],"17":[4,0,0],"18":[1,3],"19":[3,1],"20":[4,4],"21":[2,6],"22":[6,2],"23":[0,2],"24":[1,1]},"_coverageSchema":"1a1c01bbd47fc00a2c39e90264f33305004495a9","hash":"8eb5b7b32f3710a08725f9d062b5366ecd836cc9"}
}
