TN:
SF:src/bridge/handlers.js
FN:4,parseCommand
FN:14,detectTaskType
FN:24,(anonymous_2)
FN:34,enrichTextWithSkillHint
FN:43,buildHelpMessage
FN:62,isSenderAllowed
FNF:6
FNH:3
FNDA:7,parseCommand
FNDA:12,detectTaskType
FNDA:205,(anonymous_2)
FNDA:0,enrichTextWithSkillHint
FNDA:0,buildHelpMessage
FNDA:0,isSenderAllowed
DA:5,7
DA:6,7
DA:7,4
DA:8,2
DA:15,12
DA:22,12
DA:23,12
DA:24,205
DA:25,10
DA:28,2
DA:35,0
DA:36,0
DA:37,0
DA:44,0
DA:63,0
DA:64,0
DA:65,0
DA:66,0
DA:69,2
LF:19
LH:11
BRDA:6,0,0,3
BRDA:6,0,1,4
BRDA:6,1,0,7
BRDA:6,1,1,4
BRDA:7,2,0,2
BRDA:7,2,1,2
BRDA:7,3,0,4
BRDA:7,3,1,3
BRDA:24,4,0,10
BRDA:24,4,1,25
BRDA:36,5,0,0
BRDA:36,5,1,0
BRDA:63,6,0,0
BRDA:63,6,1,0
BRDA:63,7,0,0
BRDA:63,7,1,0
BRDA:64,8,0,0
BRDA:64,8,1,0
BRF:18
BRH:10
end_of_record
TN:
SF:src/bridge/sync.js
FN:16,resolveDirs
FN:27,loadState
FN:34,saveState
FN:38,validateConfig
FN:47,getOrCreateSession
FN:63,downloadMediaToBuffer
FN:75,startBridge
FN:98,(anonymous_7)
FN:112,(anonymous_8)
FN:198,(anonymous_9)
FN:218,(anonymous_10)
FN:219,(anonymous_11)
FN:229,(anonymous_12)
FN:230,(anonymous_13)
FN:305,(anonymous_14)
FN:332,(anonymous_15)
FNF:16
FNH:2
FNDA:0,resolveDirs
FNDA:0,loadState
FNDA:0,saveState
FNDA:1,validateConfig
FNDA:0,getOrCreateSession
FNDA:0,downloadMediaToBuffer
FNDA:1,startBridge
FNDA:0,(anonymous_7)
FNDA:0,(anonymous_8)
FNDA:0,(anonymous_9)
FNDA:0,(anonymous_10)
FNDA:0,(anonymous_11)
FNDA:0,(anonymous_12)
FNDA:0,(anonymous_13)
FNDA:0,(anonymous_14)
FNDA:0,(anonymous_15)
DA:1,1
DA:2,1
DA:3,1
DA:4,1
DA:5,1
DA:6,1
DA:7,1
DA:8,1
DA:9,1
DA:10,1
DA:11,1
DA:17,0
DA:18,0
DA:19,0
DA:20,0
DA:21,0
DA:28,0
DA:35,0
DA:39,1
DA:40,1
DA:48,0
DA:49,0
DA:50,0
DA:51,0
DA:53,0
DA:56,0
DA:57,0
DA:64,0
DA:65,0
DA:66,0
DA:68,0
DA:76,1
DA:77,0
DA:78,0
DA:79,0
DA:80,0
DA:82,0
DA:83,0
DA:84,0
DA:85,0
DA:86,0
DA:87,0
DA:88,0
DA:89,0
DA:91,0
DA:92,0
DA:93,0
DA:94,0
DA:96,0
DA:99,0
DA:100,0
DA:101,0
DA:102,0
DA:104,0
DA:105,0
DA:106,0
DA:107,0
DA:108,0
DA:109,0
DA:113,0
DA:114,0
DA:115,0
DA:117,0
DA:118,0
DA:119,0
DA:122,0
DA:123,0
DA:124,0
DA:126,0
DA:128,0
DA:129,0
DA:130,0
DA:131,0
DA:132,0
DA:133,0
DA:134,0
DA:135,0
DA:136,0
DA:137,0
DA:138,0
DA:140,0
DA:142,0
DA:143,0
DA:144,0
DA:145,0
DA:151,0
DA:155,0
DA:156,0
DA:157,0
DA:158,0
DA:161,0
DA:162,0
DA:163,0
DA:164,0
DA:165,0
DA:166,0
DA:167,0
DA:168,0
DA:169,0
DA:171,0
DA:172,0
DA:174,0
DA:177,0
DA:178,0
DA:179,0
DA:182,0
DA:183,0
DA:184,0
DA:185,0
DA:186,0
DA:187,0
DA:188,0
DA:190,0
DA:191,0
DA:192,0
DA:193,0
DA:194,0
DA:195,0
DA:197,0
DA:198,0
DA:199,0
DA:200,0
DA:201,0
DA:202,0
DA:203,0
DA:204,0
DA:205,0
DA:206,0
DA:207,0
DA:208,0
DA:209,0
DA:213,0
DA:214,0
DA:215,0
DA:216,0
DA:218,0
DA:219,0
DA:220,0
DA:221,0
DA:223,0
DA:224,0
DA:225,0
DA:227,0
DA:229,0
DA:230,0
DA:231,0
DA:232,0
DA:233,0
DA:234,0
DA:235,0
DA:236,0
DA:237,0
DA:238,0
DA:239,0
DA:243,0
DA:244,0
DA:251,0
DA:252,0
DA:253,0
DA:254,0
DA:256,0
DA:257,0
DA:258,0
DA:259,0
DA:264,0
DA:265,0
DA:266,0
DA:267,0
DA:269,0
DA:270,0
DA:271,0
DA:272,0
DA:273,0
DA:274,0
DA:275,0
DA:277,0
DA:278,0
DA:282,0
DA:283,0
DA:284,0
DA:285,0
DA:287,0
DA:288,0
DA:289,0
DA:290,0
DA:292,0
DA:295,0
DA:296,0
DA:298,0
DA:300,0
DA:305,0
DA:306,0
DA:307,0
DA:308,0
DA:309,0
DA:310,0
DA:311,0
DA:312,0
DA:313,0
DA:314,0
DA:315,0
DA:316,0
DA:317,0
DA:318,0
DA:319,0
DA:320,0
DA:321,0
DA:324,0
DA:325,0
DA:328,0
DA:332,0
DA:333,0
DA:334,0
DA:337,0
DA:340,1
LF:215
LH:15
BRDA:39,0,0,1
BRDA:39,0,1,0
BRDA:39,1,0,1
BRDA:39,1,1,1
BRDA:39,1,2,0
BRDA:48,2,0,0
BRDA:48,2,1,0
BRDA:51,3,0,0
BRDA:51,3,1,0
BRDA:80,4,0,0
BRDA:80,4,1,0
BRDA:87,5,0,0
BRDA:87,5,1,0
BRDA:100,6,0,0
BRDA:100,6,1,0
BRDA:104,7,0,0
BRDA:104,7,1,0
BRDA:107,8,0,0
BRDA:107,8,1,0
BRDA:108,9,0,0
BRDA:108,9,1,0
BRDA:113,10,0,0
BRDA:113,10,1,0
BRDA:115,11,0,0
BRDA:115,11,1,0
BRDA:118,12,0,0
BRDA:118,12,1,0
BRDA:118,13,0,0
BRDA:118,13,1,0
BRDA:118,13,2,0
BRDA:122,14,0,0
BRDA:122,14,1,0
BRDA:122,14,2,0
BRDA:122,14,3,0
BRDA:123,15,0,0
BRDA:123,15,1,0
BRDA:123,16,0,0
BRDA:123,16,1,0
BRDA:124,17,0,0
BRDA:124,17,1,0
BRDA:124,18,0,0
BRDA:124,18,1,0
BRDA:128,19,0,0
BRDA:128,19,1,0
BRDA:130,20,0,0
BRDA:130,20,1,0
BRDA:132,21,0,0
BRDA:132,21,1,0
BRDA:134,22,0,0
BRDA:134,22,1,0
BRDA:138,23,0,0
BRDA:138,23,1,0
BRDA:142,24,0,0
BRDA:142,24,1,0
BRDA:142,25,0,0
BRDA:142,25,1,0
BRDA:144,26,0,0
BRDA:144,26,1,0
BRDA:155,27,0,0
BRDA:155,27,1,0
BRDA:156,28,0,0
BRDA:156,28,1,0
BRDA:162,29,0,0
BRDA:162,29,1,0
BRDA:177,30,0,0
BRDA:177,30,1,0
BRDA:186,31,0,0
BRDA:186,31,1,0
BRDA:197,32,0,0
BRDA:197,32,1,0
BRDA:202,33,0,0
BRDA:202,33,1,0
BRDA:203,34,0,0
BRDA:203,34,1,0
BRDA:207,35,0,0
BRDA:207,35,1,0
BRDA:207,36,0,0
BRDA:207,36,1,0
BRDA:207,36,2,0
BRDA:213,37,0,0
BRDA:213,37,1,0
BRDA:215,38,0,0
BRDA:215,38,1,0
BRDA:220,39,0,0
BRDA:220,39,1,0
BRDA:224,40,0,0
BRDA:224,40,1,0
BRDA:231,41,0,0
BRDA:231,41,1,0
BRDA:233,42,0,0
BRDA:233,42,1,0
BRDA:235,43,0,0
BRDA:235,43,1,0
BRDA:235,44,0,0
BRDA:235,44,1,0
BRDA:237,45,0,0
BRDA:237,45,1,0
BRDA:237,46,0,0
BRDA:237,46,1,0
BRDA:243,47,0,0
BRDA:243,47,1,0
BRDA:252,48,0,0
BRDA:252,48,1,0
BRDA:253,49,0,0
BRDA:253,49,1,0
BRDA:253,50,0,0
BRDA:253,50,1,0
BRDA:256,51,0,0
BRDA:256,51,1,0
BRDA:265,52,0,0
BRDA:265,52,1,0
BRDA:306,53,0,0
BRDA:306,53,1,0
BRDA:306,54,0,0
BRDA:306,54,1,0
BRDA:312,55,0,0
BRDA:312,55,1,0
BRDA:312,56,0,0
BRDA:312,56,1,0
BRDA:312,56,2,0
BRDA:316,57,0,0
BRDA:316,57,1,0
BRDA:316,58,0,0
BRDA:316,58,1,0
BRDA:316,58,2,0
BRDA:318,59,0,0
BRDA:318,59,1,0
BRDA:318,60,0,0
BRDA:318,60,1,0
BRF:129
BRH:3
end_of_record
TN:
SF:src/services/opencodeClient.js
FN:6,createOpenCodeClient
FN:15,getSession
FN:23,createSession
FN:31,listMessages
FN:39,sendPromptAsync
FNF:5
FNH:0
FNDA:0,createOpenCodeClient
FNDA:0,getSession
FNDA:0,createSession
FNDA:0,listMessages
FNDA:0,sendPromptAsync
DA:1,1
DA:7,0
DA:16,0
DA:17,0
DA:24,0
DA:25,0
DA:32,0
DA:33,0
DA:40,0
DA:41,0
DA:44,0
DA:52,1
LF:12
LH:2
BRDA:33,0,0,0
BRDA:33,0,1,0
BRF:2
BRH:0
end_of_record
TN:
SF:src/services/transcriber.js
FN:12,transcribeAudio
FNF:1
FNH:0
FNDA:0,transcribeAudio
DA:1,1
DA:2,1
DA:3,1
DA:4,1
DA:6,1
DA:7,1
DA:13,0
DA:14,0
DA:15,0
DA:16,0
DA:17,0
DA:18,0
DA:19,0
DA:20,0
DA:27,0
DA:28,0
DA:30,0
DA:31,0
DA:33,0
DA:35,0
DA:39,1
LF:21
LH:7
BRDA:13,0,0,0
BRDA:13,1,0,0
BRDA:28,2,0,0
BRDA:28,2,1,0
BRDA:31,3,0,0
BRDA:31,3,1,0
BRF:6
BRH:0
end_of_record
TN:
SF:src/services/whatsappClient.js
FN:7,createWhatsAppClient
FNF:1
FNH:0
FNDA:0,createWhatsAppClient
DA:1,1
DA:2,1
DA:8,0
DA:9,0
DA:10,0
DA:12,0
DA:19,0
DA:20,0
DA:21,0
DA:23,0
DA:26,1
LF:11
LH:3
BRF:0
BRH:0
end_of_record
TN:
SF:src/utils/filesystem.js
FN:6,ensureDir
FN:15,readJson
FN:29,writeJson
FNF:3
FNH:0
FNDA:0,ensureDir
FNDA:0,readJson
FNDA:0,writeJson
DA:1,1
DA:7,0
DA:8,0
DA:16,0
DA:17,0
DA:18,0
DA:21,0
DA:23,0
DA:30,0
DA:33,1
LF:10
LH:2
BRDA:7,0,0,0
BRDA:7,0,1,0
BRDA:17,1,0,0
BRDA:17,1,1,0
BRF:4
BRH:0
end_of_record
TN:
SF:src/utils/messages.js
FN:4,isUserMessage
FN:12,isAssistantMessage
FN:14,(anonymous_2)
FN:20,getTextFromMessage
FN:30,formatProgressInfo
FN:71,buildProgressMessage
FNF:6
FNH:2
FNDA:0,isUserMessage
FNDA:0,isAssistantMessage
FNDA:0,(anonymous_2)
FNDA:0,getTextFromMessage
FNDA:8,formatProgressInfo
FNDA:2,buildProgressMessage
DA:5,0
DA:6,0
DA:13,0
DA:14,0
DA:21,0
DA:22,0
DA:24,0
DA:31,8
DA:32,8
DA:33,8
DA:35,8
DA:36,7
DA:37,7
DA:38,7
DA:39,7
DA:40,7
DA:41,2
DA:42,2
DA:43,1
DA:45,1
DA:48,7
DA:49,5
DA:50,5
DA:51,5
DA:52,5
DA:53,5
DA:54,4
DA:55,4
DA:56,4
DA:63,8
DA:64,8
DA:65,8
DA:72,2
DA:73,2
DA:74,2
DA:75,2
DA:76,1
DA:78,1
DA:81,2
LF:39
LH:32
BRDA:5,0,0,0
BRDA:5,0,1,0
BRDA:6,1,0,0
BRDA:6,1,1,0
BRDA:13,2,0,0
BRDA:13,2,1,0
BRDA:14,3,0,0
BRDA:14,3,1,0
BRDA:21,4,0,0
BRDA:21,4,1,0
BRDA:22,5,0,0
BRDA:22,5,1,0
BRDA:22,6,0,0
BRDA:22,6,1,0
BRDA:37,7,0,7
BRDA:37,7,1,0
BRDA:38,8,0,7
BRDA:38,8,1,0
BRDA:40,9,0,2
BRDA:40,9,1,5
BRDA:40,10,0,7
BRDA:40,10,1,2
BRDA:42,11,0,1
BRDA:42,11,1,1
BRDA:48,12,0,5
BRDA:48,12,1,2
BRDA:50,13,0,5
BRDA:50,13,1,0
BRDA:51,14,0,4
BRDA:51,14,1,1
BRDA:53,15,0,4
BRDA:53,15,1,1
BRDA:53,16,0,5
BRDA:53,16,1,5
BRDA:54,17,0,4
BRDA:54,17,1,0
BRDA:54,17,2,0
BRDA:55,18,0,1
BRDA:55,18,1,3
BRDA:56,19,0,3
BRDA:56,19,1,1
BRDA:63,20,0,4
BRDA:63,20,1,4
BRDA:64,21,0,2
BRDA:64,21,1,6
BRDA:65,22,0,6
BRDA:65,22,1,2
BRDA:73,23,0,0
BRDA:73,23,1,2
BRDA:75,24,0,1
BRDA:75,24,1,1
BRF:51
BRH:31
end_of_record
